<?xml version="1.0" encoding="UTF-8"?>
<testsuite xmlns:xsi="http://www.w3.org/2001/XMLSchema-instance" xsi:noNamespaceSchemaLocation="https://maven.apache.org/surefire/maven-surefire-plugin/xsd/surefire-test-report-3.0.xsd" version="3.0" name="fi.archi.springrest.DeliveryService.DeliveryServiceApplicationTests" time="1.909" tests="1" errors="0" skipped="0" failures="0">
  <properties>
[...]
</properties>
  <testcase name="contextLoads" classname="fi.archi.springrest.DeliveryService.DeliveryServiceApplicationTests" time="0.561">
    <system-out><![CDATA[13:05:54.279 [main] INFO org.springframework.test.context.support.AnnotationConfigContextLoaderUtils -- Could not detect default configuration classes for test class [fi.archi.springrest.DeliveryService.DeliveryServiceApplicationTests]: DeliveryServiceApplicationTests does not declare any static, non-private, non-final, nested classes annotated with @Configuration.
13:05:54.363 [main] INFO org.springframework.boot.test.context.SpringBootTestContextBootstrapper -- Found @SpringBootConfiguration fi.archi.springrest.DeliveryServiceApplication for test class fi.archi.springrest.DeliveryService.DeliveryServiceApplicationTests

  .   ____          _            __ _ _
 /\\ / ___'_ __ _ _(_)_ __  __ _ \ \ \ \
( ( )\___ | '_ | '_| | '_ \/ _` | \ \ \ \
 \\/  ___)| |_)| | | | | || (_| |  ) ) ) )
  '  |____| .__|_| |_|_| |_\__, | / / / /
 =========|_|==============|___/=/_/_/_/

 :: Spring Boot ::                (v3.3.5)

2024-11-14T13:05:54.650+02:00  INFO 25392 --- [DeliveryService] [           main] f.a.s.D.DeliveryServiceApplicationTests  : Starting DeliveryServiceApplicationTests using Java 17.0.6 with PID 25392 (started by Sande in C:\Users\Sande\deliveryservice)
2024-11-14T13:05:54.651+02:00  INFO 25392 --- [DeliveryService] [           main] f.a.s.D.DeliveryServiceApplicationTests  : No active profile set, falling back to 1 default profile: "default"
2024-11-14T13:05:55.500+02:00  INFO 25392 --- [DeliveryService] [           main] f.a.s.D.DeliveryServiceApplicationTests  : Started DeliveryServiceApplicationTests in 1.038 seconds (process running for 1.676)
]]></system-out>
  </testcase>
</testsuite>